The system is: Linux - 3.10.94-1-tlinux2_kvm_guest-0019.tl2 - x86_64
Compiling the C compiler identification source file "CMakeCCompilerId.c" succeeded.
Compiler: /usr/bin/cc 
Build flags: 
Id flags: 

The output was:
0


Compilation of the C compiler identification source "CMakeCCompilerId.c" produced "a.out"

The C compiler identification is GNU, found in "/data/group1/RDMM-file-Transport/client/CMakeFiles/2.8.11/CompilerIdC/a.out"

Compiling the CXX compiler identification source file "CMakeCXXCompilerId.cpp" succeeded.
Compiler: /usr/bin/c++ 
Build flags: 
Id flags: 

The output was:
0


Compilation of the CXX compiler identification source "CMakeCXXCompilerId.cpp" produced "a.out"

The CXX compiler identification is GNU, found in "/data/group1/RDMM-file-Transport/client/CMakeFiles/2.8.11/CompilerIdCXX/a.out"

Determining if the C compiler works passed with the following output:
Change Dir: /data/group1/RDMM-file-Transport/client/CMakeFiles/CMakeTmp

Run Build Command:/usr/bin/gmake "cmTryCompileExec3093131980/fast"
/usr/bin/gmake -f CMakeFiles/cmTryCompileExec3093131980.dir/build.make CMakeFiles/cmTryCompileExec3093131980.dir/build
gmake[1]: Entering directory `/data/group1/RDMM-file-Transport/client/CMakeFiles/CMakeTmp'
/usr/bin/cmake -E cmake_progress_report /data/group1/RDMM-file-Transport/client/CMakeFiles/CMakeTmp/CMakeFiles 1
Building C object CMakeFiles/cmTryCompileExec3093131980.dir/testCCompiler.c.o
/usr/bin/cc    -o CMakeFiles/cmTryCompileExec3093131980.dir/testCCompiler.c.o   -c /data/group1/RDMM-file-Transport/client/CMakeFiles/CMakeTmp/testCCompiler.c
Linking C executable cmTryCompileExec3093131980
/usr/bin/cmake -E cmake_link_script CMakeFiles/cmTryCompileExec3093131980.dir/link.txt --verbose=1
/usr/bin/cc         CMakeFiles/cmTryCompileExec3093131980.dir/testCCompiler.c.o  -o cmTryCompileExec3093131980 -rdynamic 
gmake[1]: Leaving directory `/data/group1/RDMM-file-Transport/client/CMakeFiles/CMakeTmp'


Detecting C compiler ABI info compiled with the following output:
Change Dir: /data/group1/RDMM-file-Transport/client/CMakeFiles/CMakeTmp

Run Build Command:/usr/bin/gmake "cmTryCompileExec4097656993/fast"
/usr/bin/gmake -f CMakeFiles/cmTryCompileExec4097656993.dir/build.make CMakeFiles/cmTryCompileExec4097656993.dir/build
gmake[1]: Entering directory `/data/group1/RDMM-file-Transport/client/CMakeFiles/CMakeTmp'
/usr/bin/cmake -E cmake_progress_report /data/group1/RDMM-file-Transport/client/CMakeFiles/CMakeTmp/CMakeFiles 1
Building C object CMakeFiles/cmTryCompileExec4097656993.dir/CMakeCCompilerABI.c.o
/usr/bin/cc    -o CMakeFiles/cmTryCompileExec4097656993.dir/CMakeCCompilerABI.c.o   -c /usr/share/cmake/Modules/CMakeCCompilerABI.c
Linking C executable cmTryCompileExec4097656993
/usr/bin/cmake -E cmake_link_script CMakeFiles/cmTryCompileExec4097656993.dir/link.txt --verbose=1
/usr/bin/cc       -v CMakeFiles/cmTryCompileExec4097656993.dir/CMakeCCompilerABI.c.o  -o cmTryCompileExec4097656993 -rdynamic  
Using built-in specs.
COLLECT_GCC=/usr/bin/cc
COLLECT_LTO_WRAPPER=/usr/libexec/gcc/x86_64-redhat-linux/4.8.2/lto-wrapper
Target: x86_64-redhat-linux
Configured with: ../configure --prefix=/usr --mandir=/usr/share/man --infodir=/usr/share/info --with-bugurl=http://bugzilla.redhat.com/bugzilla --enable-bootstrap --enable-shared --enable-threads=posix --enable-checking=release --with-system-zlib --enable-__cxa_atexit --disable-libunwind-exceptions --enable-gnu-unique-object --enable-linker-build-id --with-linker-hash-style=gnu --enable-languages=c,c++,objc,obj-c++,java,fortran,ada,go,lto --enable-plugin --enable-initfini-array --disable-libgcj --with-isl=/builddir/build/BUILD/gcc-4.8.2-20140120/obj-x86_64-redhat-linux/isl-install --with-cloog=/builddir/build/BUILD/gcc-4.8.2-20140120/obj-x86_64-redhat-linux/cloog-install --enable-gnu-indirect-function --with-tune=generic --with-arch_32=x86-64 --build=x86_64-redhat-linux
Thread model: posix
gcc version 4.8.2 20140120 (Red Hat 4.8.2-16) (GCC) 
COMPILER_PATH=/usr/libexec/gcc/x86_64-redhat-linux/4.8.2/:/usr/libexec/gcc/x86_64-redhat-linux/4.8.2/:/usr/libexec/gcc/x86_64-redhat-linux/:/usr/lib/gcc/x86_64-redhat-linux/4.8.2/:/usr/lib/gcc/x86_64-redhat-linux/
LIBRARY_PATH=/usr/lib/gcc/x86_64-redhat-linux/4.8.2/:/usr/lib/gcc/x86_64-redhat-linux/4.8.2/../../../../lib64/:/lib/../lib64/:/usr/lib/../lib64/:/usr/lib/gcc/x86_64-redhat-linux/4.8.2/../../../:/lib/:/usr/lib/
COLLECT_GCC_OPTIONS='-v' '-o' 'cmTryCompileExec4097656993' '-rdynamic' '-mtune=generic' '-march=x86-64'
 /usr/libexec/gcc/x86_64-redhat-linux/4.8.2/collect2 --build-id --no-add-needed --eh-frame-hdr --hash-style=gnu -m elf_x86_64 -export-dynamic -dynamic-linker /lib64/ld-linux-x86-64.so.2 -o cmTryCompileExec4097656993 /usr/lib/gcc/x86_64-redhat-linux/4.8.2/../../../../lib64/crt1.o /usr/lib/gcc/x86_64-redhat-linux/4.8.2/../../../../lib64/crti.o /usr/lib/gcc/x86_64-redhat-linux/4.8.2/crtbegin.o -L/usr/lib/gcc/x86_64-redhat-linux/4.8.2 -L/usr/lib/gcc/x86_64-redhat-linux/4.8.2/../../../../lib64 -L/lib/../lib64 -L/usr/lib/../lib64 -L/usr/lib/gcc/x86_64-redhat-linux/4.8.2/../../.. CMakeFiles/cmTryCompileExec4097656993.dir/CMakeCCompilerABI.c.o -lgcc --as-needed -lgcc_s --no-as-needed -lc -lgcc --as-needed -lgcc_s --no-as-needed /usr/lib/gcc/x86_64-redhat-linux/4.8.2/crtend.o /usr/lib/gcc/x86_64-redhat-linux/4.8.2/../../../../lib64/crtn.o
gmake[1]: Leaving directory `/data/group1/RDMM-file-Transport/client/CMakeFiles/CMakeTmp'


Parsed C implicit link information from above output:
  link line regex: [^( *|.*[/\])(ld|ld|collect2)[^/\]*( |$)]
  ignore line: [Change Dir: /data/group1/RDMM-file-Transport/client/CMakeFiles/CMakeTmp]
  ignore line: []
  ignore line: [Run Build Command:/usr/bin/gmake "cmTryCompileExec4097656993/fast"]
  ignore line: [/usr/bin/gmake -f CMakeFiles/cmTryCompileExec4097656993.dir/build.make CMakeFiles/cmTryCompileExec4097656993.dir/build]
  ignore line: [gmake[1]: Entering directory `/data/group1/RDMM-file-Transport/client/CMakeFiles/CMakeTmp']
  ignore line: [/usr/bin/cmake -E cmake_progress_report /data/group1/RDMM-file-Transport/client/CMakeFiles/CMakeTmp/CMakeFiles 1]
  ignore line: [Building C object CMakeFiles/cmTryCompileExec4097656993.dir/CMakeCCompilerABI.c.o]
  ignore line: [/usr/bin/cc    -o CMakeFiles/cmTryCompileExec4097656993.dir/CMakeCCompilerABI.c.o   -c /usr/share/cmake/Modules/CMakeCCompilerABI.c]
  ignore line: [Linking C executable cmTryCompileExec4097656993]
  ignore line: [/usr/bin/cmake -E cmake_link_script CMakeFiles/cmTryCompileExec4097656993.dir/link.txt --verbose=1]
  ignore line: [/usr/bin/cc       -v CMakeFiles/cmTryCompileExec4097656993.dir/CMakeCCompilerABI.c.o  -o cmTryCompileExec4097656993 -rdynamic  ]
  ignore line: [Using built-in specs.]
  ignore line: [COLLECT_GCC=/usr/bin/cc]
  ignore line: [COLLECT_LTO_WRAPPER=/usr/libexec/gcc/x86_64-redhat-linux/4.8.2/lto-wrapper]
  ignore line: [Target: x86_64-redhat-linux]
  ignore line: [Configured with: ../configure --prefix=/usr --mandir=/usr/share/man --infodir=/usr/share/info --with-bugurl=http://bugzilla.redhat.com/bugzilla --enable-bootstrap --enable-shared --enable-threads=posix --enable-checking=release --with-system-zlib --enable-__cxa_atexit --disable-libunwind-exceptions --enable-gnu-unique-object --enable-linker-build-id --with-linker-hash-style=gnu --enable-languages=c,c++,objc,obj-c++,java,fortran,ada,go,lto --enable-plugin --enable-initfini-array --disable-libgcj --with-isl=/builddir/build/BUILD/gcc-4.8.2-20140120/obj-x86_64-redhat-linux/isl-install --with-cloog=/builddir/build/BUILD/gcc-4.8.2-20140120/obj-x86_64-redhat-linux/cloog-install --enable-gnu-indirect-function --with-tune=generic --with-arch_32=x86-64 --build=x86_64-redhat-linux]
  ignore line: [Thread model: posix]
  ignore line: [gcc version 4.8.2 20140120 (Red Hat 4.8.2-16) (GCC) ]
  ignore line: [COMPILER_PATH=/usr/libexec/gcc/x86_64-redhat-linux/4.8.2/:/usr/libexec/gcc/x86_64-redhat-linux/4.8.2/:/usr/libexec/gcc/x86_64-redhat-linux/:/usr/lib/gcc/x86_64-redhat-linux/4.8.2/:/usr/lib/gcc/x86_64-redhat-linux/]
  ignore line: [LIBRARY_PATH=/usr/lib/gcc/x86_64-redhat-linux/4.8.2/:/usr/lib/gcc/x86_64-redhat-linux/4.8.2/../../../../lib64/:/lib/../lib64/:/usr/lib/../lib64/:/usr/lib/gcc/x86_64-redhat-linux/4.8.2/../../../:/lib/:/usr/lib/]
  ignore line: [COLLECT_GCC_OPTIONS='-v' '-o' 'cmTryCompileExec4097656993' '-rdynamic' '-mtune=generic' '-march=x86-64']
  link line: [ /usr/libexec/gcc/x86_64-redhat-linux/4.8.2/collect2 --build-id --no-add-needed --eh-frame-hdr --hash-style=gnu -m elf_x86_64 -export-dynamic -dynamic-linker /lib64/ld-linux-x86-64.so.2 -o cmTryCompileExec4097656993 /usr/lib/gcc/x86_64-redhat-linux/4.8.2/../../../../lib64/crt1.o /usr/lib/gcc/x86_64-redhat-linux/4.8.2/../../../../lib64/crti.o /usr/lib/gcc/x86_64-redhat-linux/4.8.2/crtbegin.o -L/usr/lib/gcc/x86_64-redhat-linux/4.8.2 -L/usr/lib/gcc/x86_64-redhat-linux/4.8.2/../../../../lib64 -L/lib/../lib64 -L/usr/lib/../lib64 -L/usr/lib/gcc/x86_64-redhat-linux/4.8.2/../../.. CMakeFiles/cmTryCompileExec4097656993.dir/CMakeCCompilerABI.c.o -lgcc --as-needed -lgcc_s --no-as-needed -lc -lgcc --as-needed -lgcc_s --no-as-needed /usr/lib/gcc/x86_64-redhat-linux/4.8.2/crtend.o /usr/lib/gcc/x86_64-redhat-linux/4.8.2/../../../../lib64/crtn.o]
    arg [/usr/libexec/gcc/x86_64-redhat-linux/4.8.2/collect2] ==> ignore
    arg [--build-id] ==> ignore
    arg [--no-add-needed] ==> ignore
    arg [--eh-frame-hdr] ==> ignore
    arg [--hash-style=gnu] ==> ignore
    arg [-m] ==> ignore
    arg [elf_x86_64] ==> ignore
    arg [-export-dynamic] ==> ignore
    arg [-dynamic-linker] ==> ignore
    arg [/lib64/ld-linux-x86-64.so.2] ==> ignore
    arg [-o] ==> ignore
    arg [cmTryCompileExec4097656993] ==> ignore
    arg [/usr/lib/gcc/x86_64-redhat-linux/4.8.2/../../../../lib64/crt1.o] ==> ignore
    arg [/usr/lib/gcc/x86_64-redhat-linux/4.8.2/../../../../lib64/crti.o] ==> ignore
    arg [/usr/lib/gcc/x86_64-redhat-linux/4.8.2/crtbegin.o] ==> ignore
    arg [-L/usr/lib/gcc/x86_64-redhat-linux/4.8.2] ==> dir [/usr/lib/gcc/x86_64-redhat-linux/4.8.2]
    arg [-L/usr/lib/gcc/x86_64-redhat-linux/4.8.2/../../../../lib64] ==> dir [/usr/lib/gcc/x86_64-redhat-linux/4.8.2/../../../../lib64]
    arg [-L/lib/../lib64] ==> dir [/lib/../lib64]
    arg [-L/usr/lib/../lib64] ==> dir [/usr/lib/../lib64]
    arg [-L/usr/lib/gcc/x86_64-redhat-linux/4.8.2/../../..] ==> dir [/usr/lib/gcc/x86_64-redhat-linux/4.8.2/../../..]
    arg [CMakeFiles/cmTryCompileExec4097656993.dir/CMakeCCompilerABI.c.o] ==> ignore
    arg [-lgcc] ==> lib [gcc]
    arg [--as-needed] ==> ignore
    arg [-lgcc_s] ==> lib [gcc_s]
    arg [--no-as-needed] ==> ignore
    arg [-lc] ==> lib [c]
    arg [-lgcc] ==> lib [gcc]
    arg [--as-needed] ==> ignore
    arg [-lgcc_s] ==> lib [gcc_s]
    arg [--no-as-needed] ==> ignore
    arg [/usr/lib/gcc/x86_64-redhat-linux/4.8.2/crtend.o] ==> ignore
    arg [/usr/lib/gcc/x86_64-redhat-linux/4.8.2/../../../../lib64/crtn.o] ==> ignore
  remove lib [gcc]
  remove lib [gcc_s]
  remove lib [gcc]
  remove lib [gcc_s]
  collapse library dir [/usr/lib/gcc/x86_64-redhat-linux/4.8.2] ==> [/usr/lib/gcc/x86_64-redhat-linux/4.8.2]
  collapse library dir [/usr/lib/gcc/x86_64-redhat-linux/4.8.2/../../../../lib64] ==> [/usr/lib64]
  collapse library dir [/lib/../lib64] ==> [/lib64]
  collapse library dir [/usr/lib/../lib64] ==> [/usr/lib64]
  collapse library dir [/usr/lib/gcc/x86_64-redhat-linux/4.8.2/../../..] ==> [/usr/lib]
  implicit libs: [c]
  implicit dirs: [/usr/lib/gcc/x86_64-redhat-linux/4.8.2;/usr/lib64;/lib64;/usr/lib]
  implicit fwks: []


Determining if the CXX compiler works passed with the following output:
Change Dir: /data/group1/RDMM-file-Transport/client/CMakeFiles/CMakeTmp

Run Build Command:/usr/bin/gmake "cmTryCompileExec102031863/fast"
/usr/bin/gmake -f CMakeFiles/cmTryCompileExec102031863.dir/build.make CMakeFiles/cmTryCompileExec102031863.dir/build
gmake[1]: Entering directory `/data/group1/RDMM-file-Transport/client/CMakeFiles/CMakeTmp'
/usr/bin/cmake -E cmake_progress_report /data/group1/RDMM-file-Transport/client/CMakeFiles/CMakeTmp/CMakeFiles 1
Building CXX object CMakeFiles/cmTryCompileExec102031863.dir/testCXXCompiler.cxx.o
/usr/bin/c++     -o CMakeFiles/cmTryCompileExec102031863.dir/testCXXCompiler.cxx.o -c /data/group1/RDMM-file-Transport/client/CMakeFiles/CMakeTmp/testCXXCompiler.cxx
Linking CXX executable cmTryCompileExec102031863
/usr/bin/cmake -E cmake_link_script CMakeFiles/cmTryCompileExec102031863.dir/link.txt --verbose=1
/usr/bin/c++          CMakeFiles/cmTryCompileExec102031863.dir/testCXXCompiler.cxx.o  -o cmTryCompileExec102031863 -rdynamic 
gmake[1]: Leaving directory `/data/group1/RDMM-file-Transport/client/CMakeFiles/CMakeTmp'


Detecting CXX compiler ABI info compiled with the following output:
Change Dir: /data/group1/RDMM-file-Transport/client/CMakeFiles/CMakeTmp

Run Build Command:/usr/bin/gmake "cmTryCompileExec1709996941/fast"
/usr/bin/gmake -f CMakeFiles/cmTryCompileExec1709996941.dir/build.make CMakeFiles/cmTryCompileExec1709996941.dir/build
gmake[1]: Entering directory `/data/group1/RDMM-file-Transport/client/CMakeFiles/CMakeTmp'
/usr/bin/cmake -E cmake_progress_report /data/group1/RDMM-file-Transport/client/CMakeFiles/CMakeTmp/CMakeFiles 1
Building CXX object CMakeFiles/cmTryCompileExec1709996941.dir/CMakeCXXCompilerABI.cpp.o
/usr/bin/c++     -o CMakeFiles/cmTryCompileExec1709996941.dir/CMakeCXXCompilerABI.cpp.o -c /usr/share/cmake/Modules/CMakeCXXCompilerABI.cpp
Linking CXX executable cmTryCompileExec1709996941
/usr/bin/cmake -E cmake_link_script CMakeFiles/cmTryCompileExec1709996941.dir/link.txt --verbose=1
/usr/bin/c++        -v CMakeFiles/cmTryCompileExec1709996941.dir/CMakeCXXCompilerABI.cpp.o  -o cmTryCompileExec1709996941 -rdynamic  
Using built-in specs.
COLLECT_GCC=/usr/bin/c++
COLLECT_LTO_WRAPPER=/usr/libexec/gcc/x86_64-redhat-linux/4.8.2/lto-wrapper
Target: x86_64-redhat-linux
Configured with: ../configure --prefix=/usr --mandir=/usr/share/man --infodir=/usr/share/info --with-bugurl=http://bugzilla.redhat.com/bugzilla --enable-bootstrap --enable-shared --enable-threads=posix --enable-checking=release --with-system-zlib --enable-__cxa_atexit --disable-libunwind-exceptions --enable-gnu-unique-object --enable-linker-build-id --with-linker-hash-style=gnu --enable-languages=c,c++,objc,obj-c++,java,fortran,ada,go,lto --enable-plugin --enable-initfini-array --disable-libgcj --with-isl=/builddir/build/BUILD/gcc-4.8.2-20140120/obj-x86_64-redhat-linux/isl-install --with-cloog=/builddir/build/BUILD/gcc-4.8.2-20140120/obj-x86_64-redhat-linux/cloog-install --enable-gnu-indirect-function --with-tune=generic --with-arch_32=x86-64 --build=x86_64-redhat-linux
Thread model: posix
gcc version 4.8.2 20140120 (Red Hat 4.8.2-16) (GCC) 
COMPILER_PATH=/usr/libexec/gcc/x86_64-redhat-linux/4.8.2/:/usr/libexec/gcc/x86_64-redhat-linux/4.8.2/:/usr/libexec/gcc/x86_64-redhat-linux/:/usr/lib/gcc/x86_64-redhat-linux/4.8.2/:/usr/lib/gcc/x86_64-redhat-linux/
LIBRARY_PATH=/usr/lib/gcc/x86_64-redhat-linux/4.8.2/:/usr/lib/gcc/x86_64-redhat-linux/4.8.2/../../../../lib64/:/lib/../lib64/:/usr/lib/../lib64/:/usr/lib/gcc/x86_64-redhat-linux/4.8.2/../../../:/lib/:/usr/lib/
COLLECT_GCC_OPTIONS='-v' '-o' 'cmTryCompileExec1709996941' '-rdynamic' '-shared-libgcc' '-mtune=generic' '-march=x86-64'
 /usr/libexec/gcc/x86_64-redhat-linux/4.8.2/collect2 --build-id --no-add-needed --eh-frame-hdr --hash-style=gnu -m elf_x86_64 -export-dynamic -dynamic-linker /lib64/ld-linux-x86-64.so.2 -o cmTryCompileExec1709996941 /usr/lib/gcc/x86_64-redhat-linux/4.8.2/../../../../lib64/crt1.o /usr/lib/gcc/x86_64-redhat-linux/4.8.2/../../../../lib64/crti.o /usr/lib/gcc/x86_64-redhat-linux/4.8.2/crtbegin.o -L/usr/lib/gcc/x86_64-redhat-linux/4.8.2 -L/usr/lib/gcc/x86_64-redhat-linux/4.8.2/../../../../lib64 -L/lib/../lib64 -L/usr/lib/../lib64 -L/usr/lib/gcc/x86_64-redhat-linux/4.8.2/../../.. CMakeFiles/cmTryCompileExec1709996941.dir/CMakeCXXCompilerABI.cpp.o -lstdc++ -lm -lgcc_s -lgcc -lc -lgcc_s -lgcc /usr/lib/gcc/x86_64-redhat-linux/4.8.2/crtend.o /usr/lib/gcc/x86_64-redhat-linux/4.8.2/../../../../lib64/crtn.o
gmake[1]: Leaving directory `/data/group1/RDMM-file-Transport/client/CMakeFiles/CMakeTmp'


Parsed CXX implicit link information from above output:
  link line regex: [^( *|.*[/\])(ld|ld|collect2)[^/\]*( |$)]
  ignore line: [Change Dir: /data/group1/RDMM-file-Transport/client/CMakeFiles/CMakeTmp]
  ignore line: []
  ignore line: [Run Build Command:/usr/bin/gmake "cmTryCompileExec1709996941/fast"]
  ignore line: [/usr/bin/gmake -f CMakeFiles/cmTryCompileExec1709996941.dir/build.make CMakeFiles/cmTryCompileExec1709996941.dir/build]
  ignore line: [gmake[1]: Entering directory `/data/group1/RDMM-file-Transport/client/CMakeFiles/CMakeTmp']
  ignore line: [/usr/bin/cmake -E cmake_progress_report /data/group1/RDMM-file-Transport/client/CMakeFiles/CMakeTmp/CMakeFiles 1]
  ignore line: [Building CXX object CMakeFiles/cmTryCompileExec1709996941.dir/CMakeCXXCompilerABI.cpp.o]
  ignore line: [/usr/bin/c++     -o CMakeFiles/cmTryCompileExec1709996941.dir/CMakeCXXCompilerABI.cpp.o -c /usr/share/cmake/Modules/CMakeCXXCompilerABI.cpp]
  ignore line: [Linking CXX executable cmTryCompileExec1709996941]
  ignore line: [/usr/bin/cmake -E cmake_link_script CMakeFiles/cmTryCompileExec1709996941.dir/link.txt --verbose=1]
  ignore line: [/usr/bin/c++        -v CMakeFiles/cmTryCompileExec1709996941.dir/CMakeCXXCompilerABI.cpp.o  -o cmTryCompileExec1709996941 -rdynamic  ]
  ignore line: [Using built-in specs.]
  ignore line: [COLLECT_GCC=/usr/bin/c++]
  ignore line: [COLLECT_LTO_WRAPPER=/usr/libexec/gcc/x86_64-redhat-linux/4.8.2/lto-wrapper]
  ignore line: [Target: x86_64-redhat-linux]
  ignore line: [Configured with: ../configure --prefix=/usr --mandir=/usr/share/man --infodir=/usr/share/info --with-bugurl=http://bugzilla.redhat.com/bugzilla --enable-bootstrap --enable-shared --enable-threads=posix --enable-checking=release --with-system-zlib --enable-__cxa_atexit --disable-libunwind-exceptions --enable-gnu-unique-object --enable-linker-build-id --with-linker-hash-style=gnu --enable-languages=c,c++,objc,obj-c++,java,fortran,ada,go,lto --enable-plugin --enable-initfini-array --disable-libgcj --with-isl=/builddir/build/BUILD/gcc-4.8.2-20140120/obj-x86_64-redhat-linux/isl-install --with-cloog=/builddir/build/BUILD/gcc-4.8.2-20140120/obj-x86_64-redhat-linux/cloog-install --enable-gnu-indirect-function --with-tune=generic --with-arch_32=x86-64 --build=x86_64-redhat-linux]
  ignore line: [Thread model: posix]
  ignore line: [gcc version 4.8.2 20140120 (Red Hat 4.8.2-16) (GCC) ]
  ignore line: [COMPILER_PATH=/usr/libexec/gcc/x86_64-redhat-linux/4.8.2/:/usr/libexec/gcc/x86_64-redhat-linux/4.8.2/:/usr/libexec/gcc/x86_64-redhat-linux/:/usr/lib/gcc/x86_64-redhat-linux/4.8.2/:/usr/lib/gcc/x86_64-redhat-linux/]
  ignore line: [LIBRARY_PATH=/usr/lib/gcc/x86_64-redhat-linux/4.8.2/:/usr/lib/gcc/x86_64-redhat-linux/4.8.2/../../../../lib64/:/lib/../lib64/:/usr/lib/../lib64/:/usr/lib/gcc/x86_64-redhat-linux/4.8.2/../../../:/lib/:/usr/lib/]
  ignore line: [COLLECT_GCC_OPTIONS='-v' '-o' 'cmTryCompileExec1709996941' '-rdynamic' '-shared-libgcc' '-mtune=generic' '-march=x86-64']
  link line: [ /usr/libexec/gcc/x86_64-redhat-linux/4.8.2/collect2 --build-id --no-add-needed --eh-frame-hdr --hash-style=gnu -m elf_x86_64 -export-dynamic -dynamic-linker /lib64/ld-linux-x86-64.so.2 -o cmTryCompileExec1709996941 /usr/lib/gcc/x86_64-redhat-linux/4.8.2/../../../../lib64/crt1.o /usr/lib/gcc/x86_64-redhat-linux/4.8.2/../../../../lib64/crti.o /usr/lib/gcc/x86_64-redhat-linux/4.8.2/crtbegin.o -L/usr/lib/gcc/x86_64-redhat-linux/4.8.2 -L/usr/lib/gcc/x86_64-redhat-linux/4.8.2/../../../../lib64 -L/lib/../lib64 -L/usr/lib/../lib64 -L/usr/lib/gcc/x86_64-redhat-linux/4.8.2/../../.. CMakeFiles/cmTryCompileExec1709996941.dir/CMakeCXXCompilerABI.cpp.o -lstdc++ -lm -lgcc_s -lgcc -lc -lgcc_s -lgcc /usr/lib/gcc/x86_64-redhat-linux/4.8.2/crtend.o /usr/lib/gcc/x86_64-redhat-linux/4.8.2/../../../../lib64/crtn.o]
    arg [/usr/libexec/gcc/x86_64-redhat-linux/4.8.2/collect2] ==> ignore
    arg [--build-id] ==> ignore
    arg [--no-add-needed] ==> ignore
    arg [--eh-frame-hdr] ==> ignore
    arg [--hash-style=gnu] ==> ignore
    arg [-m] ==> ignore
    arg [elf_x86_64] ==> ignore
    arg [-export-dynamic] ==> ignore
    arg [-dynamic-linker] ==> ignore
    arg [/lib64/ld-linux-x86-64.so.2] ==> ignore
    arg [-o] ==> ignore
    arg [cmTryCompileExec1709996941] ==> ignore
    arg [/usr/lib/gcc/x86_64-redhat-linux/4.8.2/../../../../lib64/crt1.o] ==> ignore
    arg [/usr/lib/gcc/x86_64-redhat-linux/4.8.2/../../../../lib64/crti.o] ==> ignore
    arg [/usr/lib/gcc/x86_64-redhat-linux/4.8.2/crtbegin.o] ==> ignore
    arg [-L/usr/lib/gcc/x86_64-redhat-linux/4.8.2] ==> dir [/usr/lib/gcc/x86_64-redhat-linux/4.8.2]
    arg [-L/usr/lib/gcc/x86_64-redhat-linux/4.8.2/../../../../lib64] ==> dir [/usr/lib/gcc/x86_64-redhat-linux/4.8.2/../../../../lib64]
    arg [-L/lib/../lib64] ==> dir [/lib/../lib64]
    arg [-L/usr/lib/../lib64] ==> dir [/usr/lib/../lib64]
    arg [-L/usr/lib/gcc/x86_64-redhat-linux/4.8.2/../../..] ==> dir [/usr/lib/gcc/x86_64-redhat-linux/4.8.2/../../..]
    arg [CMakeFiles/cmTryCompileExec1709996941.dir/CMakeCXXCompilerABI.cpp.o] ==> ignore
    arg [-lstdc++] ==> lib [stdc++]
    arg [-lm] ==> lib [m]
    arg [-lgcc_s] ==> lib [gcc_s]
    arg [-lgcc] ==> lib [gcc]
    arg [-lc] ==> lib [c]
    arg [-lgcc_s] ==> lib [gcc_s]
    arg [-lgcc] ==> lib [gcc]
    arg [/usr/lib/gcc/x86_64-redhat-linux/4.8.2/crtend.o] ==> ignore
    arg [/usr/lib/gcc/x86_64-redhat-linux/4.8.2/../../../../lib64/crtn.o] ==> ignore
  remove lib [gcc_s]
  remove lib [gcc]
  remove lib [gcc_s]
  remove lib [gcc]
  collapse library dir [/usr/lib/gcc/x86_64-redhat-linux/4.8.2] ==> [/usr/lib/gcc/x86_64-redhat-linux/4.8.2]
  collapse library dir [/usr/lib/gcc/x86_64-redhat-linux/4.8.2/../../../../lib64] ==> [/usr/lib64]
  collapse library dir [/lib/../lib64] ==> [/lib64]
  collapse library dir [/usr/lib/../lib64] ==> [/usr/lib64]
  collapse library dir [/usr/lib/gcc/x86_64-redhat-linux/4.8.2/../../..] ==> [/usr/lib]
  implicit libs: [stdc++;m;c]
  implicit dirs: [/usr/lib/gcc/x86_64-redhat-linux/4.8.2;/usr/lib64;/lib64;/usr/lib]
  implicit fwks: []


Determining if files pthread.h exist passed with the following output:
Change Dir: /data/group1/RDMM-file-Transport/client/CMakeFiles/CMakeTmp

Run Build Command:/usr/bin/gmake "cmTryCompileExec2231538214/fast"
/usr/bin/gmake -f CMakeFiles/cmTryCompileExec2231538214.dir/build.make CMakeFiles/cmTryCompileExec2231538214.dir/build
gmake[1]: Entering directory `/data/group1/RDMM-file-Transport/client/CMakeFiles/CMakeTmp'
/usr/bin/cmake -E cmake_progress_report /data/group1/RDMM-file-Transport/client/CMakeFiles/CMakeTmp/CMakeFiles 1
Building C object CMakeFiles/cmTryCompileExec2231538214.dir/CheckIncludeFiles.c.o
/usr/bin/cc    -o CMakeFiles/cmTryCompileExec2231538214.dir/CheckIncludeFiles.c.o   -c /data/group1/RDMM-file-Transport/client/CMakeFiles/CMakeTmp/CheckIncludeFiles.c
Linking C executable cmTryCompileExec2231538214
/usr/bin/cmake -E cmake_link_script CMakeFiles/cmTryCompileExec2231538214.dir/link.txt --verbose=1
/usr/bin/cc         CMakeFiles/cmTryCompileExec2231538214.dir/CheckIncludeFiles.c.o  -o cmTryCompileExec2231538214 -rdynamic 
gmake[1]: Leaving directory `/data/group1/RDMM-file-Transport/client/CMakeFiles/CMakeTmp'


Determining if the function pthread_create exists in the pthread passed with the following output:
Change Dir: /data/group1/RDMM-file-Transport/client/CMakeFiles/CMakeTmp

Run Build Command:/usr/bin/gmake "cmTryCompileExec2578930120/fast"
/usr/bin/gmake -f CMakeFiles/cmTryCompileExec2578930120.dir/build.make CMakeFiles/cmTryCompileExec2578930120.dir/build
gmake[1]: Entering directory `/data/group1/RDMM-file-Transport/client/CMakeFiles/CMakeTmp'
/usr/bin/cmake -E cmake_progress_report /data/group1/RDMM-file-Transport/client/CMakeFiles/CMakeTmp/CMakeFiles 1
Building C object CMakeFiles/cmTryCompileExec2578930120.dir/CheckFunctionExists.c.o
/usr/bin/cc   -DCHECK_FUNCTION_EXISTS=pthread_create   -o CMakeFiles/cmTryCompileExec2578930120.dir/CheckFunctionExists.c.o   -c /usr/share/cmake/Modules/CheckFunctionExists.c
Linking C executable cmTryCompileExec2578930120
/usr/bin/cmake -E cmake_link_script CMakeFiles/cmTryCompileExec2578930120.dir/link.txt --verbose=1
/usr/bin/cc     -DCHECK_FUNCTION_EXISTS=pthread_create    CMakeFiles/cmTryCompileExec2578930120.dir/CheckFunctionExists.c.o  -o cmTryCompileExec2578930120 -rdynamic -lpthread 
gmake[1]: Leaving directory `/data/group1/RDMM-file-Transport/client/CMakeFiles/CMakeTmp'


